<?xml version="1.0" encoding="UTF-8"?>
<coverage generated="1628426941401" clover="3.2.0">
  <project timestamp="1628426941401" name="All files">
    <metrics statements="25" coveredstatements="25" conditionals="0" coveredconditionals="0" methods="5" coveredmethods="5" elements="30" coveredelements="30" complexity="0" loc="25" ncloc="25" packages="3" files="3" classes="3"/>
    <package name="assets">
      <metrics statements="1" coveredstatements="1" conditionals="0" coveredconditionals="0" methods="0" coveredmethods="0"/>
      <file name="logo.png" path="C:\Users\mehme\Desktop\Programlama\Trendyol Front-End Bootcamp\4. Hafta\week-4-vue-mehmet-can-aygun\src\assets\logo.png">
        <metrics statements="1" coveredstatements="1" conditionals="0" coveredconditionals="0" methods="0" coveredmethods="0"/>
        <line num="1" count="1" type="stmt"/>
      </file>
    </package>
    <package name="components">
      <metrics statements="1" coveredstatements="1" conditionals="0" coveredconditionals="0" methods="0" coveredmethods="0"/>
      <file name="TheNavbar.vue" path="C:\Users\mehme\Desktop\Programlama\Trendyol Front-End Bootcamp\4. Hafta\week-4-vue-mehmet-can-aygun\src\components\TheNavbar.vue">
        <metrics statements="1" coveredstatements="1" conditionals="0" coveredconditionals="0" methods="0" coveredmethods="0"/>
        <line num="18" count="1" type="stmt"/>
      </file>
    </package>
    <package name="services">
      <metrics statements="23" coveredstatements="23" conditionals="0" coveredconditionals="0" methods="5" coveredmethods="5"/>
      <file name="ApiService.js" path="C:\Users\mehme\Desktop\Programlama\Trendyol Front-End Bootcamp\4. Hafta\week-4-vue-mehmet-can-aygun\src\services\ApiService.js">
        <metrics statements="23" coveredstatements="23" conditionals="0" coveredconditionals="0" methods="5" coveredmethods="5"/>
        <line num="6" count="4" type="stmt"/>
        <line num="7" count="2" type="stmt"/>
        <line num="8" count="2" type="stmt"/>
        <line num="10" count="1" type="stmt"/>
        <line num="12" count="1" type="stmt"/>
        <line num="14" count="1" type="stmt"/>
        <line num="18" count="4" type="stmt"/>
        <line num="19" count="2" type="stmt"/>
        <line num="20" count="2" type="stmt"/>
        <line num="22" count="1" type="stmt"/>
        <line num="24" count="1" type="stmt"/>
        <line num="26" count="1" type="stmt"/>
        <line num="30" count="4" type="stmt"/>
        <line num="31" count="2" type="stmt"/>
        <line num="32" count="2" type="stmt"/>
        <line num="36" count="1" type="stmt"/>
        <line num="38" count="1" type="stmt"/>
        <line num="40" count="1" type="stmt"/>
        <line num="44" count="4" type="stmt"/>
        <line num="45" count="2" type="stmt"/>
        <line num="46" count="2" type="stmt"/>
        <line num="48" count="1" type="stmt"/>
        <line num="50" count="1" type="stmt"/>
      </file>
    </package>
  </project>
</coverage>
