{"C:\\Users\\mehme\\Desktop\\Programlama\\Trendyol Front-End Bootcamp\\4. Hafta\\week-4-vue-mehmet-can-aygun\\src\\assets\\logo.png": {"path":"C:\\Users\\mehme\\Desktop\\Programlama\\Trendyol Front-End Bootcamp\\4. Hafta\\week-4-vue-mehmet-can-aygun\\src\\assets\\logo.png","statementMap":{"0":{"start":{"line":1,"column":0},"end":{"line":1,"column":19}}},"fnMap":{},"branchMap":{},"s":{"0":1},"f":{},"b":{},"_coverageSchema":"43e27e138ebf9cfc5966b082cf9a028302ed4184","hash":"1cc442d9c60b192014aa5a2593bfbe89184ae14a"}
,"C:\\Users\\mehme\\Desktop\\Programlama\\Trendyol Front-End Bootcamp\\4. Hafta\\week-4-vue-mehmet-can-aygun\\src\\components\\TheNavbar.vue": {"path":"C:\\Users\\mehme\\Desktop\\Programlama\\Trendyol Front-End Bootcamp\\4. Hafta\\week-4-vue-mehmet-can-aygun\\src\\components\\TheNavbar.vue","statementMap":{"0":{"start":{"line":18,"column":15},"end":{"line":18,"column":null}}},"fnMap":{},"branchMap":{},"s":{"0":1},"f":{},"b":{}}
,"C:\\Users\\mehme\\Desktop\\Programlama\\Trendyol Front-End Bootcamp\\4. Hafta\\week-4-vue-mehmet-can-aygun\\src\\services\\ApiService.js": {"path":"C:\\Users\\mehme\\Desktop\\Programlama\\Trendyol Front-End Bootcamp\\4. Hafta\\week-4-vue-mehmet-can-aygun\\src\\services\\ApiService.js","statementMap":{"0":{"start":{"line":6,"column":17},"end":{"line":16,"column":3}},"1":{"start":{"line":7,"column":4},"end":{"line":15,"column":5}},"2":{"start":{"line":8,"column":18},"end":{"line":8,"column":69}},"3":{"start":{"line":10,"column":49},"end":{"line":10,"column":57}},"4":{"start":{"line":12,"column":6},"end":{"line":12,"column":50}},"5":{"start":{"line":14,"column":6},"end":{"line":14,"column":16}},"6":{"start":{"line":18,"column":12},"end":{"line":28,"column":3}},"7":{"start":{"line":19,"column":4},"end":{"line":27,"column":5}},"8":{"start":{"line":20,"column":18},"end":{"line":20,"column":38}},"9":{"start":{"line":22,"column":49},"end":{"line":22,"column":57}},"10":{"start":{"line":24,"column":6},"end":{"line":24,"column":50}},"11":{"start":{"line":26,"column":6},"end":{"line":26,"column":16}},"12":{"start":{"line":30,"column":19},"end":{"line":42,"column":3}},"13":{"start":{"line":31,"column":4},"end":{"line":41,"column":5}},"14":{"start":{"line":32,"column":18},"end":{"line":34,"column":7}},"15":{"start":{"line":36,"column":49},"end":{"line":36,"column":57}},"16":{"start":{"line":38,"column":6},"end":{"line":38,"column":50}},"17":{"start":{"line":40,"column":6},"end":{"line":40,"column":16}},"18":{"start":{"line":44,"column":16},"end":{"line":52,"column":3}},"19":{"start":{"line":45,"column":4},"end":{"line":51,"column":5}},"20":{"start":{"line":46,"column":18},"end":{"line":46,"column":75}},"21":{"start":{"line":48,"column":6},"end":{"line":48,"column":22}},"22":{"start":{"line":50,"column":6},"end":{"line":50,"column":16}}},"fnMap":{"0":{"name":"(anonymous_0)","decl":{"start":{"line":4,"column":2},"end":{"line":4,"column":3}},"loc":{"start":{"line":4,"column":16},"end":{"line":4,"column":18}},"line":4},"1":{"name":"(anonymous_1)","decl":{"start":{"line":6,"column":17},"end":{"line":6,"column":18}},"loc":{"start":{"line":6,"column":29},"end":{"line":16,"column":3}},"line":6},"2":{"name":"(anonymous_2)","decl":{"start":{"line":18,"column":12},"end":{"line":18,"column":13}},"loc":{"start":{"line":18,"column":27},"end":{"line":28,"column":3}},"line":18},"3":{"name":"(anonymous_3)","decl":{"start":{"line":30,"column":19},"end":{"line":30,"column":20}},"loc":{"start":{"line":30,"column":35},"end":{"line":42,"column":3}},"line":30},"4":{"name":"(anonymous_4)","decl":{"start":{"line":44,"column":16},"end":{"line":44,"column":17}},"loc":{"start":{"line":44,"column":30},"end":{"line":52,"column":3}},"line":44}},"branchMap":{},"s":{"0":4,"1":2,"2":2,"3":1,"4":1,"5":1,"6":4,"7":2,"8":2,"9":1,"10":1,"11":1,"12":4,"13":2,"14":2,"15":1,"16":1,"17":1,"18":4,"19":2,"20":2,"21":1,"22":1},"f":{"0":4,"1":2,"2":2,"3":2,"4":2},"b":{},"_coverageSchema":"43e27e138ebf9cfc5966b082cf9a028302ed4184","hash":"6db6007bd2fa2c5bf30cac6b6706dc5277b15471"}
}
