TN:
SF:C:\Users\mehme\Desktop\Programlama\Trendyol Front-End Bootcamp\4. Hafta\week-4-vue-mehmet-can-aygun\src\assets\logo.png
FNF:0
FNH:0
DA:1,1
LF:1
LH:1
BRF:0
BRH:0
end_of_record
TN:
SF:C:\Users\mehme\Desktop\Programlama\Trendyol Front-End Bootcamp\4. Hafta\week-4-vue-mehmet-can-aygun\src\components\TheNavbar.vue
FNF:0
FNH:0
DA:18,1
LF:1
LH:1
BRF:0
BRH:0
end_of_record
TN:
SF:C:\Users\mehme\Desktop\Programlama\Trendyol Front-End Bootcamp\4. Hafta\week-4-vue-mehmet-can-aygun\src\services\ApiService.js
FN:4,(anonymous_0)
FN:6,(anonymous_1)
FN:18,(anonymous_2)
FN:30,(anonymous_3)
FN:44,(anonymous_4)
FNF:5
FNH:5
FNDA:4,(anonymous_0)
FNDA:2,(anonymous_1)
FNDA:2,(anonymous_2)
FNDA:2,(anonymous_3)
FNDA:2,(anonymous_4)
DA:6,4
DA:7,2
DA:8,2
DA:10,1
DA:12,1
DA:14,1
DA:18,4
DA:19,2
DA:20,2
DA:22,1
DA:24,1
DA:26,1
DA:30,4
DA:31,2
DA:32,2
DA:36,1
DA:38,1
DA:40,1
DA:44,4
DA:45,2
DA:46,2
DA:48,1
DA:50,1
LF:23
LH:23
BRF:0
BRH:0
end_of_record
